<?xml version="1.0" encoding="UTF-8"?>
<!-- Generated by org.testng.reporters.JUnitXMLReporter -->
<testsuite ignored="0" hostname="DESKTOP-M2FAU9A" failures="4" tests="9" name="Test" time="105.116" errors="0" timestamp="2022-05-24T16:44:37 IST">
  <testcase classname="Maven.VerifyElectricityPage" name="verifyenergyawerness" time="1.485"/>
  <testcase classname="Maven.VerifyElectricityPage" name="verifyconserverenergy" time="0.469"/>
  <testcase classname="Maven.VerifyYourLogo" name="myaccount" time="0.002">
    <failure type="java.lang.NullPointerException" message="Cannot invoke &amp;quot;YourLogo.MyAccount.clickontshirt()&amp;quot; because &amp;quot;this.myaccount&amp;quot; is null">
      <![CDATA[java.lang.NullPointerException: Cannot invoke "YourLogo.MyAccount.clickontshirt()" because "this.myaccount" is null
at Maven.VerifyYourLogo.myaccount(VerifyYourLogo.java:45)
at java.base/java.util.ArrayList.forEach(ArrayList.java:1511)
... Removed 27 stack frames]]>
    </failure>
  </testcase> <!-- myaccount -->
  <testcase classname="Maven.VerifyWBSEDClPage" name="verifyconectionformilities" time="1.467"/>
  <testcase classname="Maven.VerifyWBSEDClPage" name="verifyconsumerdashboard" time="0.686"/>
  <testcase classname="Maven.VerifyWBSEDClPage" name="verifydownloadappliform" time="0.999">
    <failure type="java.lang.AssertionError" message="The following asserts failed:
	expected [https://www.wbsedcl.in/irj/go/km/docs/internet/new_website/Download_Application_Form.html] but found [https://www.wbsedcl.in/irj/go/km/docs/internet/new_website/Download_ApplicationFormhtml]">
      <![CDATA[java.lang.AssertionError: The following asserts failed:
expected [https://www.wbsedcl.in/irj/go/km/docs/internet/new_website/Download_Application_Form.html] but found [https://www.wbsedcl.in/irj/go/km/docs/internet/new_website/Download_ApplicationFormhtml]
at Maven.VerifyWBSEDClPage.verifydownloadappliform(VerifyWBSEDClPage.java:58)
at java.base/java.util.ArrayList.forEach(ArrayList.java:1511)
... Removed 29 stack frames]]>
    </failure>
  </testcase> <!-- verifydownloadappliform -->
  <testcase classname="Maven.VerifyWBSEDClPage" name="verifydownloadappliform" time="0.321">
    <failure type="java.lang.AssertionError" message="The following asserts failed:
	expected [https://www.wbsedcl.in/irj/go/km/docs/internet/new_website/Download_Application_Form.html] but found [https://www.wbsedcl.in/irj/go/km/docs/internet/new_website/Download_ApplicationFormhtml]">
      <![CDATA[java.lang.AssertionError: The following asserts failed:
expected [https://www.wbsedcl.in/irj/go/km/docs/internet/new_website/Download_Application_Form.html] but found [https://www.wbsedcl.in/irj/go/km/docs/internet/new_website/Download_ApplicationFormhtml]
at Maven.VerifyWBSEDClPage.verifydownloadappliform(VerifyWBSEDClPage.java:58)
at java.base/java.util.ArrayList.forEach(ArrayList.java:1511)
... Removed 29 stack frames]]>
    </failure>
  </testcase> <!-- verifydownloadappliform -->
  <testcase classname="Maven.VerifyWBSEDClPage" name="verifydownloadappliform" time="0.335">
    <failure type="java.lang.AssertionError" message="The following asserts failed:
	expected [https://www.wbsedcl.in/irj/go/km/docs/internet/new_website/Download_Application_Form.html] but found [https://www.wbsedcl.in/irj/go/km/docs/internet/new_website/Download_ApplicationFormhtml]">
      <![CDATA[java.lang.AssertionError: The following asserts failed:
expected [https://www.wbsedcl.in/irj/go/km/docs/internet/new_website/Download_Application_Form.html] but found [https://www.wbsedcl.in/irj/go/km/docs/internet/new_website/Download_ApplicationFormhtml]
at Maven.VerifyWBSEDClPage.verifydownloadappliform(VerifyWBSEDClPage.java:58)
at java.base/java.util.ArrayList.forEach(ArrayList.java:1511)
... Removed 29 stack frames]]>
    </failure>
  </testcase> <!-- verifydownloadappliform -->
  <testcase classname="Maven.VerifyWBSEDClPage" name="gotoquationcalcutor" time="0.196"/>
</testsuite> <!-- Test -->
