<!DOCTYPE html PUBLIC "-//W3C//DTD XHTML 1.1//EN" "https://www.w3.org/TR/xhtml11/DTD/xhtml11.dtd">
<html xmlns="https://www.w3.org/1999/xhtml">
<head>
<meta http-equiv="content-type" content="text/html; charset=UTF-8"/>
<title>TestNG Report</title>
<style type="text/css">table {margin-bottom:10px;border-collapse:collapse;empty-cells:show}th,td {border:1px solid #009;padding:.25em .5em}th {vertical-align:bottom}td {vertical-align:top}table a {font-weight:bold}.stripe td {background-color: #E6EBF9}.num {text-align:right}.passedodd td {background-color: #3F3}.passedeven td {background-color: #0A0}.skippedodd td {background-color: #DDD}.skippedeven td {background-color: #CCC}.failedodd td,.attn {background-color: #F33}.failedeven td,.stripe .attn {background-color: #D00}.stacktrace {white-space:pre;font-family:monospace}.totop {font-size:85%;text-align:center;border-bottom:2px solid #000}.invisible {display:none}</style>
</head>
<body>
<table>
<tr><th>Test</th><th># Passed</th><th># Skipped</th><th># Retried</th><th># Failed</th><th>Time (ms)</th><th>Included Groups</th><th>Excluded Groups</th></tr>
<tr><th colspan="8">Suite 3</th></tr>
<tr><td><a href="#t0">ChromeTest</a></td><td class="num">0</td><td class="num attn">3</td><td class="num">0</td><td class="num">0</td><td class="num">395</td><td></td><td></td></tr>
<tr class="stripe"><td><a href="#t1">FirefoxTest</a></td><td class="num">0</td><td class="num attn">3</td><td class="num">0</td><td class="num">0</td><td class="num">320</td><td></td><td></td></tr>
<tr><td><a href="#t2">IETest</a></td><td class="num">0</td><td class="num attn">3</td><td class="num">0</td><td class="num">0</td><td class="num">132</td><td></td><td></td></tr>
<tr><th>Total</th><th class="num">0</th><th class="num attn">9</th><th class="num">0</th><th class="num">0</th><th class="num">847</th><th colspan="2"></th></tr>
</table>
<table id='summary'><thead><tr><th>Class</th><th>Method</th><th>Start</th><th>Time (ms)</th></tr></thead><tbody><tr><th colspan="4">Suite 3</th></tr></tbody><tbody id="t0"><tr><th colspan="4">ChromeTest &#8212; failed (configuration methods)</th></tr><tr class="failedeven"><td rowspan="1">Maven.VerifyWBSEDClPage</td><td><a href="#m0">lounchbrowser</a></td><td rowspan="1">1653890863219</td><td rowspan="1">-1653890863219</td></tr><tr><th colspan="4">ChromeTest &#8212; skipped (configuration methods)</th></tr><tr class="skippedeven"><td rowspan="9">Maven.VerifyWBSEDClPage</td><td><a href="#m1">clickonApplicationHeader</a></td><td rowspan="3">1653890863517</td><td rowspan="3">-1653890863517</td></tr><tr class="skippedeven"><td><a href="#m2">clickonApplicationHeader</a></td></tr><tr class="skippedeven"><td><a href="#m3">clickonApplicationHeader</a></td></tr><tr class="skippedeven"><td><a href="#m4">closebrowser</a></td><td rowspan="1">1653890863532</td><td rowspan="1">-1653890863532</td></tr><tr class="skippedeven"><td><a href="#m5">closedbrowser</a></td><td rowspan="1">1653890863544</td><td rowspan="1">-1653890863544</td></tr><tr class="skippedeven"><td><a href="#m6">createPOMObject</a></td><td rowspan="1">1653890863334</td><td rowspan="1">-1653890863334</td></tr><tr class="skippedeven"><td><a href="#m7">movetoApplicationHeader</a></td><td rowspan="3">1653890863433</td><td rowspan="3">-1653890863433</td></tr><tr class="skippedeven"><td><a href="#m8">movetoApplicationHeader</a></td></tr><tr class="skippedeven"><td><a href="#m9">movetoApplicationHeader</a></td></tr><tr><th colspan="4">ChromeTest &#8212; skipped</th></tr><tr class="skippedeven"><td rowspan="3">Maven.VerifyWBSEDClPage</td><td><a href="#m10">verifyconectionformilities</a></td><td rowspan="1">1653890863399</td><td rowspan="1">0</td></tr><tr class="skippedeven"><td><a href="#m11">verifyconsumerdashboard</a></td><td rowspan="1">1653890863443</td><td rowspan="1">0</td></tr><tr class="skippedeven"><td><a href="#m12">verifydownloadappliform</a></td><td rowspan="1">1653890863479</td><td rowspan="1">0</td></tr></tbody>
<tbody id="t1"><tr><th colspan="4">FirefoxTest &#8212; failed (configuration methods)</th></tr><tr class="failedeven"><td rowspan="1">Maven.VerifyWBSEDClPage</td><td><a href="#m13">lounchbrowser</a></td><td rowspan="1">1653890864000</td><td rowspan="1">-1653890864000</td></tr><tr><th colspan="4">FirefoxTest &#8212; skipped (configuration methods)</th></tr><tr class="skippedeven"><td rowspan="9">Maven.VerifyWBSEDClPage</td><td><a href="#m14">clickonApplicationHeader</a></td><td rowspan="3">1653890864068</td><td rowspan="3">-1653890864068</td></tr><tr class="skippedeven"><td><a href="#m15">clickonApplicationHeader</a></td></tr><tr class="skippedeven"><td><a href="#m16">clickonApplicationHeader</a></td></tr><tr class="skippedeven"><td><a href="#m17">closebrowser</a></td><td rowspan="1">1653890864254</td><td rowspan="1">-1653890864254</td></tr><tr class="skippedeven"><td><a href="#m18">closedbrowser</a></td><td rowspan="1">1653890864262</td><td rowspan="1">-1653890864262</td></tr><tr class="skippedeven"><td><a href="#m19">createPOMObject</a></td><td rowspan="1">1653890864024</td><td rowspan="1">-1653890864024</td></tr><tr class="skippedeven"><td><a href="#m20">movetoApplicationHeader</a></td><td rowspan="3">1653890864036</td><td rowspan="3">-1653890864036</td></tr><tr class="skippedeven"><td><a href="#m21">movetoApplicationHeader</a></td></tr><tr class="skippedeven"><td><a href="#m22">movetoApplicationHeader</a></td></tr><tr><th colspan="4">FirefoxTest &#8212; skipped</th></tr><tr class="skippedeven"><td rowspan="3">Maven.VerifyWBSEDClPage</td><td><a href="#m23">verifyconectionformilities</a></td><td rowspan="1">1653890864042</td><td rowspan="1">0</td></tr><tr class="skippedeven"><td><a href="#m24">verifyconsumerdashboard</a></td><td rowspan="1">1653890864133</td><td rowspan="1">0</td></tr><tr class="skippedeven"><td><a href="#m25">verifydownloadappliform</a></td><td rowspan="1">1653890864174</td><td rowspan="1">0</td></tr></tbody>
<tbody id="t2"><tr><th colspan="4">IETest &#8212; failed (configuration methods)</th></tr><tr class="failedeven"><td rowspan="1">Maven.VerifyWBSEDClPage</td><td><a href="#m26">lounchbrowser</a></td><td rowspan="1">1653890864415</td><td rowspan="1">-1653890864415</td></tr><tr><th colspan="4">IETest &#8212; skipped (configuration methods)</th></tr><tr class="skippedeven"><td rowspan="9">Maven.VerifyWBSEDClPage</td><td><a href="#m27">clickonApplicationHeader</a></td><td rowspan="3">1653890864529</td><td rowspan="3">-1653890864529</td></tr><tr class="skippedeven"><td><a href="#m28">clickonApplicationHeader</a></td></tr><tr class="skippedeven"><td><a href="#m29">clickonApplicationHeader</a></td></tr><tr class="skippedeven"><td><a href="#m30">closebrowser</a></td><td rowspan="1">1653890864537</td><td rowspan="1">-1653890864537</td></tr><tr class="skippedeven"><td><a href="#m31">closedbrowser</a></td><td rowspan="1">1653890864539</td><td rowspan="1">-1653890864539</td></tr><tr class="skippedeven"><td><a href="#m32">createPOMObject</a></td><td rowspan="1">1653890864437</td><td rowspan="1">-1653890864437</td></tr><tr class="skippedeven"><td><a href="#m33">movetoApplicationHeader</a></td><td rowspan="3">1653890864479</td><td rowspan="3">-1653890864479</td></tr><tr class="skippedeven"><td><a href="#m34">movetoApplicationHeader</a></td></tr><tr class="skippedeven"><td><a href="#m35">movetoApplicationHeader</a></td></tr><tr><th colspan="4">IETest &#8212; skipped</th></tr><tr class="skippedeven"><td rowspan="3">Maven.VerifyWBSEDClPage</td><td><a href="#m36">verifyconectionformilities</a></td><td rowspan="1">1653890864465</td><td rowspan="1">0</td></tr><tr class="skippedeven"><td><a href="#m37">verifyconsumerdashboard</a></td><td rowspan="1">1653890864488</td><td rowspan="1">0</td></tr><tr class="skippedeven"><td><a href="#m38">verifydownloadappliform</a></td><td rowspan="1">1653890864519</td><td rowspan="1">0</td></tr></tbody>
</table>
<h2>ChromeTest</h2><h3 id="m0">Maven.VerifyWBSEDClPage#lounchbrowser</h3><table class="result"><tr><th>Exception</th></tr><tr><td><div class="stacktrace">org.testng.TestNGException: 
Parameter &apos;browser&apos; is required by BeforeTest on method lounchbrowser but has not been marked @Optional or defined
in C:\Users\Tanmoy\eclipse-workspace\SeleniumTesting\WbSEDCL.xml
... Removed 21 stack frames</div></td></tr></table><p class="totop"><a href="#summary">back to summary</a></p>
<h3 id="m1">Maven.VerifyWBSEDClPage#clickonApplicationHeader</h3><table class="result"><tr><th class="invisible"/></tr></table><p class="totop"><a href="#summary">back to summary</a></p>
<h3 id="m2">Maven.VerifyWBSEDClPage#clickonApplicationHeader</h3><table class="result"><tr><th class="invisible"/></tr></table><p class="totop"><a href="#summary">back to summary</a></p>
<h3 id="m3">Maven.VerifyWBSEDClPage#clickonApplicationHeader</h3><table class="result"><tr><th class="invisible"/></tr></table><p class="totop"><a href="#summary">back to summary</a></p>
<h3 id="m4">Maven.VerifyWBSEDClPage#closebrowser</h3><table class="result"><tr><th class="invisible"/></tr></table><p class="totop"><a href="#summary">back to summary</a></p>
<h3 id="m5">Maven.VerifyWBSEDClPage#closedbrowser</h3><table class="result"><tr><th class="invisible"/></tr></table><p class="totop"><a href="#summary">back to summary</a></p>
<h3 id="m6">Maven.VerifyWBSEDClPage#createPOMObject</h3><table class="result"><tr><th class="invisible"/></tr></table><p class="totop"><a href="#summary">back to summary</a></p>
<h3 id="m7">Maven.VerifyWBSEDClPage#movetoApplicationHeader</h3><table class="result"><tr><th class="invisible"/></tr></table><p class="totop"><a href="#summary">back to summary</a></p>
<h3 id="m8">Maven.VerifyWBSEDClPage#movetoApplicationHeader</h3><table class="result"><tr><th class="invisible"/></tr></table><p class="totop"><a href="#summary">back to summary</a></p>
<h3 id="m9">Maven.VerifyWBSEDClPage#movetoApplicationHeader</h3><table class="result"><tr><th class="invisible"/></tr></table><p class="totop"><a href="#summary">back to summary</a></p>
<h3 id="m10">Maven.VerifyWBSEDClPage#verifyconectionformilities</h3><table class="result"><tr><th>Exception</th></tr><tr><td><div class="stacktrace">org.testng.TestNGException: 
Parameter &apos;browser&apos; is required by BeforeTest on method lounchbrowser but has not been marked @Optional or defined
in C:\Users\Tanmoy\eclipse-workspace\SeleniumTesting\WbSEDCL.xml
... Removed 21 stack frames</div></td></tr></table><p class="totop"><a href="#summary">back to summary</a></p>
<h3 id="m11">Maven.VerifyWBSEDClPage#verifyconsumerdashboard</h3><table class="result"><tr><th>Exception</th></tr><tr><td><div class="stacktrace">org.testng.TestNGException: 
Parameter &apos;browser&apos; is required by BeforeTest on method lounchbrowser but has not been marked @Optional or defined
in C:\Users\Tanmoy\eclipse-workspace\SeleniumTesting\WbSEDCL.xml
... Removed 21 stack frames</div></td></tr></table><p class="totop"><a href="#summary">back to summary</a></p>
<h3 id="m12">Maven.VerifyWBSEDClPage#verifydownloadappliform</h3><table class="result"><tr><th>Exception</th></tr><tr><td><div class="stacktrace">org.testng.TestNGException: 
Parameter &apos;browser&apos; is required by BeforeTest on method lounchbrowser but has not been marked @Optional or defined
in C:\Users\Tanmoy\eclipse-workspace\SeleniumTesting\WbSEDCL.xml
... Removed 21 stack frames</div></td></tr></table><p class="totop"><a href="#summary">back to summary</a></p>
<h2>FirefoxTest</h2><h3 id="m13">Maven.VerifyWBSEDClPage#lounchbrowser</h3><table class="result"><tr><th>Exception</th></tr><tr><td><div class="stacktrace">org.testng.TestNGException: 
Parameter &apos;browser&apos; is required by BeforeTest on method lounchbrowser but has not been marked @Optional or defined
in C:\Users\Tanmoy\eclipse-workspace\SeleniumTesting\WbSEDCL.xml
... Removed 21 stack frames</div></td></tr></table><p class="totop"><a href="#summary">back to summary</a></p>
<h3 id="m14">Maven.VerifyWBSEDClPage#clickonApplicationHeader</h3><table class="result"><tr><th class="invisible"/></tr></table><p class="totop"><a href="#summary">back to summary</a></p>
<h3 id="m15">Maven.VerifyWBSEDClPage#clickonApplicationHeader</h3><table class="result"><tr><th class="invisible"/></tr></table><p class="totop"><a href="#summary">back to summary</a></p>
<h3 id="m16">Maven.VerifyWBSEDClPage#clickonApplicationHeader</h3><table class="result"><tr><th class="invisible"/></tr></table><p class="totop"><a href="#summary">back to summary</a></p>
<h3 id="m17">Maven.VerifyWBSEDClPage#closebrowser</h3><table class="result"><tr><th class="invisible"/></tr></table><p class="totop"><a href="#summary">back to summary</a></p>
<h3 id="m18">Maven.VerifyWBSEDClPage#closedbrowser</h3><table class="result"><tr><th class="invisible"/></tr></table><p class="totop"><a href="#summary">back to summary</a></p>
<h3 id="m19">Maven.VerifyWBSEDClPage#createPOMObject</h3><table class="result"><tr><th class="invisible"/></tr></table><p class="totop"><a href="#summary">back to summary</a></p>
<h3 id="m20">Maven.VerifyWBSEDClPage#movetoApplicationHeader</h3><table class="result"><tr><th class="invisible"/></tr></table><p class="totop"><a href="#summary">back to summary</a></p>
<h3 id="m21">Maven.VerifyWBSEDClPage#movetoApplicationHeader</h3><table class="result"><tr><th class="invisible"/></tr></table><p class="totop"><a href="#summary">back to summary</a></p>
<h3 id="m22">Maven.VerifyWBSEDClPage#movetoApplicationHeader</h3><table class="result"><tr><th class="invisible"/></tr></table><p class="totop"><a href="#summary">back to summary</a></p>
<h3 id="m23">Maven.VerifyWBSEDClPage#verifyconectionformilities</h3><table class="result"><tr><th>Exception</th></tr><tr><td><div class="stacktrace">org.testng.TestNGException: 
Parameter &apos;browser&apos; is required by BeforeTest on method lounchbrowser but has not been marked @Optional or defined
in C:\Users\Tanmoy\eclipse-workspace\SeleniumTesting\WbSEDCL.xml
... Removed 21 stack frames</div></td></tr></table><p class="totop"><a href="#summary">back to summary</a></p>
<h3 id="m24">Maven.VerifyWBSEDClPage#verifyconsumerdashboard</h3><table class="result"><tr><th>Exception</th></tr><tr><td><div class="stacktrace">org.testng.TestNGException: 
Parameter &apos;browser&apos; is required by BeforeTest on method lounchbrowser but has not been marked @Optional or defined
in C:\Users\Tanmoy\eclipse-workspace\SeleniumTesting\WbSEDCL.xml
... Removed 21 stack frames</div></td></tr></table><p class="totop"><a href="#summary">back to summary</a></p>
<h3 id="m25">Maven.VerifyWBSEDClPage#verifydownloadappliform</h3><table class="result"><tr><th>Exception</th></tr><tr><td><div class="stacktrace">org.testng.TestNGException: 
Parameter &apos;browser&apos; is required by BeforeTest on method lounchbrowser but has not been marked @Optional or defined
in C:\Users\Tanmoy\eclipse-workspace\SeleniumTesting\WbSEDCL.xml
... Removed 21 stack frames</div></td></tr></table><p class="totop"><a href="#summary">back to summary</a></p>
<h2>IETest</h2><h3 id="m26">Maven.VerifyWBSEDClPage#lounchbrowser</h3><table class="result"><tr><th>Exception</th></tr><tr><td><div class="stacktrace">org.testng.TestNGException: 
Parameter &apos;browser&apos; is required by BeforeTest on method lounchbrowser but has not been marked @Optional or defined
in C:\Users\Tanmoy\eclipse-workspace\SeleniumTesting\WbSEDCL.xml
... Removed 21 stack frames</div></td></tr></table><p class="totop"><a href="#summary">back to summary</a></p>
<h3 id="m27">Maven.VerifyWBSEDClPage#clickonApplicationHeader</h3><table class="result"><tr><th class="invisible"/></tr></table><p class="totop"><a href="#summary">back to summary</a></p>
<h3 id="m28">Maven.VerifyWBSEDClPage#clickonApplicationHeader</h3><table class="result"><tr><th class="invisible"/></tr></table><p class="totop"><a href="#summary">back to summary</a></p>
<h3 id="m29">Maven.VerifyWBSEDClPage#clickonApplicationHeader</h3><table class="result"><tr><th class="invisible"/></tr></table><p class="totop"><a href="#summary">back to summary</a></p>
<h3 id="m30">Maven.VerifyWBSEDClPage#closebrowser</h3><table class="result"><tr><th class="invisible"/></tr></table><p class="totop"><a href="#summary">back to summary</a></p>
<h3 id="m31">Maven.VerifyWBSEDClPage#closedbrowser</h3><table class="result"><tr><th class="invisible"/></tr></table><p class="totop"><a href="#summary">back to summary</a></p>
<h3 id="m32">Maven.VerifyWBSEDClPage#createPOMObject</h3><table class="result"><tr><th class="invisible"/></tr></table><p class="totop"><a href="#summary">back to summary</a></p>
<h3 id="m33">Maven.VerifyWBSEDClPage#movetoApplicationHeader</h3><table class="result"><tr><th class="invisible"/></tr></table><p class="totop"><a href="#summary">back to summary</a></p>
<h3 id="m34">Maven.VerifyWBSEDClPage#movetoApplicationHeader</h3><table class="result"><tr><th class="invisible"/></tr></table><p class="totop"><a href="#summary">back to summary</a></p>
<h3 id="m35">Maven.VerifyWBSEDClPage#movetoApplicationHeader</h3><table class="result"><tr><th class="invisible"/></tr></table><p class="totop"><a href="#summary">back to summary</a></p>
<h3 id="m36">Maven.VerifyWBSEDClPage#verifyconectionformilities</h3><table class="result"><tr><th>Exception</th></tr><tr><td><div class="stacktrace">org.testng.TestNGException: 
Parameter &apos;browser&apos; is required by BeforeTest on method lounchbrowser but has not been marked @Optional or defined
in C:\Users\Tanmoy\eclipse-workspace\SeleniumTesting\WbSEDCL.xml
... Removed 21 stack frames</div></td></tr></table><p class="totop"><a href="#summary">back to summary</a></p>
<h3 id="m37">Maven.VerifyWBSEDClPage#verifyconsumerdashboard</h3><table class="result"><tr><th>Exception</th></tr><tr><td><div class="stacktrace">org.testng.TestNGException: 
Parameter &apos;browser&apos; is required by BeforeTest on method lounchbrowser but has not been marked @Optional or defined
in C:\Users\Tanmoy\eclipse-workspace\SeleniumTesting\WbSEDCL.xml
... Removed 21 stack frames</div></td></tr></table><p class="totop"><a href="#summary">back to summary</a></p>
<h3 id="m38">Maven.VerifyWBSEDClPage#verifydownloadappliform</h3><table class="result"><tr><th>Exception</th></tr><tr><td><div class="stacktrace">org.testng.TestNGException: 
Parameter &apos;browser&apos; is required by BeforeTest on method lounchbrowser but has not been marked @Optional or defined
in C:\Users\Tanmoy\eclipse-workspace\SeleniumTesting\WbSEDCL.xml
... Removed 21 stack frames</div></td></tr></table><p class="totop"><a href="#summary">back to summary</a></p>
</body>
</html>
