<?xml version="1.0" encoding="UTF-8"?>
<!-- Generated by org.testng.reporters.JUnitXMLReporter -->
<testsuite ignored="0" hostname="DESKTOP-M2FAU9A" failures="0" tests="3" name="ChromeTest" time="0.395" errors="0" timestamp="2022-05-30T11:37:43 IST">
  <testcase classname="Maven.VerifyWBSEDClPage" name="@BeforeTest lounchbrowser" time="-1.653890863219E9">
    <failure type="org.testng.TestNGException" message="
Parameter &amp;apos;browser&amp;apos; is required by BeforeTest on method lounchbrowser but has not been marked @Optional or defined
in C:\Users\Tanmoy\eclipse-workspace\SeleniumTesting\WbSEDCL.xml">
      <![CDATA[org.testng.TestNGException: 
Parameter 'browser' is required by BeforeTest on method lounchbrowser but has not been marked @Optional or defined
in C:\Users\Tanmoy\eclipse-workspace\SeleniumTesting\WbSEDCL.xml
... Removed 21 stack frames]]>
    </failure>
  </testcase> <!-- @BeforeTest lounchbrowser -->
  <testcase classname="Maven.VerifyWBSEDClPage" name="@BeforeClass createPOMObject" time="-1.653890863334E9">
    <skipped/>
  </testcase> <!-- @BeforeClass createPOMObject -->
  <testcase classname="Maven.VerifyWBSEDClPage" name="@BeforeMethod movetoApplicationHeader" time="-1.653890863391E9">
    <skipped/>
  </testcase> <!-- @BeforeMethod movetoApplicationHeader -->
  <testcase classname="Maven.VerifyWBSEDClPage" name="@AfterMethod clickonApplicationHeader" time="-1.65389086342E9">
    <skipped/>
  </testcase> <!-- @AfterMethod clickonApplicationHeader -->
  <testcase classname="Maven.VerifyWBSEDClPage" name="@BeforeMethod movetoApplicationHeader" time="-1.653890863433E9">
    <skipped/>
  </testcase> <!-- @BeforeMethod movetoApplicationHeader -->
  <testcase classname="Maven.VerifyWBSEDClPage" name="@AfterMethod clickonApplicationHeader" time="-1.653890863456E9">
    <skipped/>
  </testcase> <!-- @AfterMethod clickonApplicationHeader -->
  <testcase classname="Maven.VerifyWBSEDClPage" name="@BeforeMethod movetoApplicationHeader" time="-1.653890863466E9">
    <skipped/>
  </testcase> <!-- @BeforeMethod movetoApplicationHeader -->
  <testcase classname="Maven.VerifyWBSEDClPage" name="@AfterMethod clickonApplicationHeader" time="-1.653890863517E9">
    <skipped/>
  </testcase> <!-- @AfterMethod clickonApplicationHeader -->
  <testcase classname="Maven.VerifyWBSEDClPage" name="@AfterClass closebrowser" time="-1.653890863532E9">
    <skipped/>
  </testcase> <!-- @AfterClass closebrowser -->
  <testcase classname="Maven.VerifyWBSEDClPage" name="@AfterTest closedbrowser" time="-1.653890863544E9">
    <skipped/>
  </testcase> <!-- @AfterTest closedbrowser -->
  <testcase classname="Maven.VerifyWBSEDClPage" name="verifyconectionformilities" time="0.0">
    <skipped/>
  </testcase> <!-- verifyconectionformilities -->
  <testcase classname="Maven.VerifyWBSEDClPage" name="verifyconsumerdashboard" time="0.0">
    <skipped/>
  </testcase> <!-- verifyconsumerdashboard -->
  <testcase classname="Maven.VerifyWBSEDClPage" name="verifydownloadappliform" time="0.0">
    <skipped/>
  </testcase> <!-- verifydownloadappliform -->
</testsuite> <!-- ChromeTest -->
