<?xml version="1.0" encoding="UTF-8"?>
<!-- Generated by org.testng.reporters.JUnitXMLReporter -->
<testsuite ignored="0" hostname="DESKTOP-M2FAU9A" failures="0" tests="3" name="FirefoxTest" time="0.32" errors="0" timestamp="2022-05-30T11:37:44 IST">
  <testcase classname="Maven.VerifyWBSEDClPage" name="@BeforeTest lounchbrowser" time="-1.653890864E9">
    <failure type="org.testng.TestNGException" message="
Parameter &amp;apos;browser&amp;apos; is required by BeforeTest on method lounchbrowser but has not been marked @Optional or defined
in C:\Users\Tanmoy\eclipse-workspace\SeleniumTesting\WbSEDCL.xml">
      <![CDATA[org.testng.TestNGException: 
Parameter 'browser' is required by BeforeTest on method lounchbrowser but has not been marked @Optional or defined
in C:\Users\Tanmoy\eclipse-workspace\SeleniumTesting\WbSEDCL.xml
... Removed 21 stack frames]]>
    </failure>
  </testcase> <!-- @BeforeTest lounchbrowser -->
  <testcase classname="Maven.VerifyWBSEDClPage" name="@BeforeClass createPOMObject" time="-1.653890864024E9">
    <skipped/>
  </testcase> <!-- @BeforeClass createPOMObject -->
  <testcase classname="Maven.VerifyWBSEDClPage" name="@BeforeMethod movetoApplicationHeader" time="-1.653890864036E9">
    <skipped/>
  </testcase> <!-- @BeforeMethod movetoApplicationHeader -->
  <testcase classname="Maven.VerifyWBSEDClPage" name="@AfterMethod clickonApplicationHeader" time="-1.653890864068E9">
    <skipped/>
  </testcase> <!-- @AfterMethod clickonApplicationHeader -->
  <testcase classname="Maven.VerifyWBSEDClPage" name="@BeforeMethod movetoApplicationHeader" time="-1.653890864118E9">
    <skipped/>
  </testcase> <!-- @BeforeMethod movetoApplicationHeader -->
  <testcase classname="Maven.VerifyWBSEDClPage" name="@AfterMethod clickonApplicationHeader" time="-1.653890864149E9">
    <skipped/>
  </testcase> <!-- @AfterMethod clickonApplicationHeader -->
  <testcase classname="Maven.VerifyWBSEDClPage" name="@BeforeMethod movetoApplicationHeader" time="-1.653890864162E9">
    <skipped/>
  </testcase> <!-- @BeforeMethod movetoApplicationHeader -->
  <testcase classname="Maven.VerifyWBSEDClPage" name="@AfterMethod clickonApplicationHeader" time="-1.653890864231E9">
    <skipped/>
  </testcase> <!-- @AfterMethod clickonApplicationHeader -->
  <testcase classname="Maven.VerifyWBSEDClPage" name="@AfterClass closebrowser" time="-1.653890864254E9">
    <skipped/>
  </testcase> <!-- @AfterClass closebrowser -->
  <testcase classname="Maven.VerifyWBSEDClPage" name="@AfterTest closedbrowser" time="-1.653890864262E9">
    <skipped/>
  </testcase> <!-- @AfterTest closedbrowser -->
  <testcase classname="Maven.VerifyWBSEDClPage" name="verifyconectionformilities" time="0.0">
    <skipped/>
  </testcase> <!-- verifyconectionformilities -->
  <testcase classname="Maven.VerifyWBSEDClPage" name="verifyconsumerdashboard" time="0.0">
    <skipped/>
  </testcase> <!-- verifyconsumerdashboard -->
  <testcase classname="Maven.VerifyWBSEDClPage" name="verifydownloadappliform" time="0.0">
    <skipped/>
  </testcase> <!-- verifydownloadappliform -->
</testsuite> <!-- FirefoxTest -->
