<?xml version="1.0" encoding="UTF-8"?>
<!-- Generated by org.testng.reporters.JUnitXMLReporter -->
<testsuite ignored="0" hostname="DESKTOP-M2FAU9A" failures="0" tests="2" name="ChromeTest" time="0.101" errors="0" timestamp="2022-05-27T20:57:51 IST">
  <testcase classname="Maven.VerifyElectricityPage" name="@BeforeTest lounchbowser" time="-1.653665271675E9">
    <failure type="org.testng.TestNGException" message="
Can inject only one of &amp;lt;ITestContext, XmlTest&amp;gt; into a @BeforeTest annotated lounchbowser.
For more information on native dependency injection please refer to https://testng.org/doc/documentation-main.html#native-dependency-injection">
      <![CDATA[org.testng.TestNGException: 
Can inject only one of <ITestContext, XmlTest> into a @BeforeTest annotated lounchbowser.
For more information on native dependency injection please refer to https://testng.org/doc/documentation-main.html#native-dependency-injection
... Removed 21 stack frames]]>
    </failure>
  </testcase> <!-- @BeforeTest lounchbowser -->
  <testcase classname="Maven.VerifyElectricityPage" name="@BeforeClass createPOMObject" time="-1.653665271712E9">
    <skipped/>
  </testcase> <!-- @BeforeClass createPOMObject -->
  <testcase classname="Maven.VerifyElectricityPage" name="@BeforeMethod clickonApplicationHeader" time="-1.653665271733E9">
    <skipped/>
  </testcase> <!-- @BeforeMethod clickonApplicationHeader -->
  <testcase classname="Maven.VerifyElectricityPage" name="@AfterMethod verifylogout" time="-1.653665271744E9">
    <skipped/>
  </testcase> <!-- @AfterMethod verifylogout -->
  <testcase classname="Maven.VerifyElectricityPage" name="@BeforeMethod clickonApplicationHeader" time="-1.653665271751E9">
    <skipped/>
  </testcase> <!-- @BeforeMethod clickonApplicationHeader -->
  <testcase classname="Maven.VerifyElectricityPage" name="@AfterMethod verifylogout" time="-1.653665271758E9">
    <skipped/>
  </testcase> <!-- @AfterMethod verifylogout -->
  <testcase classname="Maven.VerifyElectricityPage" name="@AfterClass closebrowser" time="-1.653665271764E9">
    <skipped/>
  </testcase> <!-- @AfterClass closebrowser -->
  <testcase classname="Maven.VerifyElectricityPage" name="@AfterTest closedbrowser" time="-1.653665271766E9">
    <skipped/>
  </testcase> <!-- @AfterTest closedbrowser -->
  <testcase classname="Maven.VerifyElectricityPage" name="verifyenergyawerness" time="0.0">
    <skipped/>
  </testcase> <!-- verifyenergyawerness -->
  <testcase classname="Maven.VerifyElectricityPage" name="verifyconserverenergy" time="0.0">
    <skipped/>
  </testcase> <!-- verifyconserverenergy -->
</testsuite> <!-- ChromeTest -->
